<?xml version="1.0" encoding="UTF-8"?>
<!-- Generated by org.testng.reporters.JUnitReportReporter -->
<testsuite skipped="0" hostname="Shreyata" name="Selenium.GetAttribute" tests="1" failures="0" timestamp="04 Sep 2018 21:11:25 GMT" time="0.346" errors="0">
  <testcase name="Login" time="0.346" classname="Selenium.GetAttribute"/>
</testsuite> <!-- Selenium.GetAttribute -->
