<?xml version="1.0" encoding="UTF-8"?>
<!-- Generated by org.testng.reporters.JUnitReportReporter -->
<testsuite skipped="0" hostname="Shreyata" name="Selenium.TestNG" tests="3" failures="0" timestamp="04 Sep 2018 19:10:08 GMT" time="2.907" errors="0">
  <testcase name="Test3" time="0.000" classname="Selenium.TestNG"/>
  <testcase name="Test2" time="0.000" classname="Selenium.TestNG"/>
  <testcase name="Login" time="2.907" classname="Selenium.TestNG"/>
</testsuite> <!-- Selenium.TestNG -->
